<?xml version="1.0" encoding="UTF-8"?>
<testng-results ignored="0" total="1" passed="1" failed="0" skipped="0">
  <reporter-output>
  </reporter-output>
  <suite started-at="2023-03-29T11:20:43 IST" name="Default suite" finished-at="2023-03-29T11:20:57 IST" duration-ms="13636">
    <groups>
    </groups>
    <test started-at="2023-03-29T11:20:43 IST" name="Default test" finished-at="2023-03-29T11:20:57 IST" duration-ms="13636">
      <class name="org.selenium1.TestNG">
        <test-method is-config="true" signature="beforeMethod()[pri:0, instance:org.selenium1.TestNG@7e0b85f9]" started-at="2023-03-29T11:20:43 IST" name="beforeMethod" finished-at="2023-03-29T11:20:49 IST" duration-ms="6127" status="PASS">
          <reporter-output>
          </reporter-output>
        </test-method> <!-- beforeMethod -->
        <test-method signature="scrollfn()[pri:0, instance:org.selenium1.TestNG@7e0b85f9]" started-at="2023-03-29T11:20:49 IST" name="scrollfn" finished-at="2023-03-29T11:20:51 IST" duration-ms="2057" status="PASS">
          <reporter-output>
          </reporter-output>
        </test-method> <!-- scrollfn -->
        <test-method is-config="true" signature="afterMethod()[pri:0, instance:org.selenium1.TestNG@7e0b85f9]" started-at="2023-03-29T11:20:51 IST" name="afterMethod" finished-at="2023-03-29T11:20:57 IST" duration-ms="5352" status="PASS">
          <reporter-output>
          </reporter-output>
        </test-method> <!-- afterMethod -->
      </class> <!-- org.selenium1.TestNG -->
    </test> <!-- Default test -->
  </suite> <!-- Default suite -->
</testng-results>
